<?xml version="1.0" encoding="UTF-8"?>
<!-- Generated by org.testng.reporters.JUnitXMLReporter -->
<testsuite ignored="0" hostname="DESKTOP-K64CGSA" failures="0" tests="6" name="Test" time="0.052" errors="0" timestamp="2025-11-22T14:53:59 IST">
  <testcase classname="com.facebook.testcases.CoreRefTests" name="AddPTMTest" time="0.005"/>
  <testcase classname="com.facebook.testcases.CoreRefTests" name="AddTowerTest" time="0.001"/>
  <testcase classname="com.facebook.testcases.UniversalTests" name="CreateE2EWorkflowTest" time="0.0"/>
  <testcase classname="com.facebook.testcases.UniversalTests" name="EditE2EWorkflowTest" time="0.002"/>
  <testcase classname="com.facebook.testcases.RunTests" name="CreateSuiteTest" time="0.0"/>
  <testcase classname="com.facebook.testcases.RunTests" name="EditSuite" time="0.001"/>
</testsuite> <!-- Test -->
