<?xml version="1.0" encoding="UTF-8"?>
<testng-results ignored="0" total="6" passed="6" failed="0" skipped="0">
  <reporter-output>
  </reporter-output>
  <suite started-at="2025-12-23T07:49:04 IST" name="Suite" finished-at="2025-12-23T07:49:04 IST" duration-ms="87">
    <groups>
    </groups>
    <test started-at="2025-12-23T07:49:04 IST" name="Test" finished-at="2025-12-23T07:49:04 IST" duration-ms="87">
      <class name="com.facebook.testcases.UniversalTests">
        <test-method signature="CreateE2EWorkflowTest()[pri:0, instance:com.facebook.testcases.UniversalTests@618b19ad]" started-at="2025-12-23T07:49:04 IST" name="CreateE2EWorkflowTest" finished-at="2025-12-23T07:49:04 IST" duration-ms="4" status="PASS">
          <reporter-output>
          </reporter-output>
        </test-method> <!-- CreateE2EWorkflowTest -->
        <test-method signature="EditE2EWorkflowTest()[pri:0, instance:com.facebook.testcases.UniversalTests@618b19ad]" started-at="2025-12-23T07:49:04 IST" name="EditE2EWorkflowTest" finished-at="2025-12-23T07:49:04 IST" duration-ms="2" status="PASS">
          <reporter-output>
          </reporter-output>
        </test-method> <!-- EditE2EWorkflowTest -->
      </class> <!-- com.facebook.testcases.UniversalTests -->
      <class name="com.facebook.testcases.CoreRefTests">
        <test-method signature="AddPTMTest()[pri:0, instance:com.facebook.testcases.CoreRefTests@78691363]" started-at="2025-12-23T07:49:04 IST" name="AddPTMTest" finished-at="2025-12-23T07:49:04 IST" duration-ms="15" status="PASS">
          <reporter-output>
          </reporter-output>
        </test-method> <!-- AddPTMTest -->
        <test-method signature="AddTowerTest()[pri:0, instance:com.facebook.testcases.CoreRefTests@78691363]" started-at="2025-12-23T07:49:04 IST" name="AddTowerTest" finished-at="2025-12-23T07:49:04 IST" duration-ms="2" status="PASS">
          <reporter-output>
          </reporter-output>
        </test-method> <!-- AddTowerTest -->
      </class> <!-- com.facebook.testcases.CoreRefTests -->
      <class name="com.facebook.testcases.RunTests">
        <test-method signature="CreateSuiteTest()[pri:0, instance:com.facebook.testcases.RunTests@2d3379b4]" started-at="2025-12-23T07:49:04 IST" name="CreateSuiteTest" finished-at="2025-12-23T07:49:04 IST" duration-ms="1" status="PASS">
          <reporter-output>
          </reporter-output>
        </test-method> <!-- CreateSuiteTest -->
        <test-method signature="EditSuite()[pri:0, instance:com.facebook.testcases.RunTests@2d3379b4]" started-at="2025-12-23T07:49:04 IST" name="EditSuite" finished-at="2025-12-23T07:49:04 IST" duration-ms="1" status="PASS">
          <reporter-output>
          </reporter-output>
        </test-method> <!-- EditSuite -->
      </class> <!-- com.facebook.testcases.RunTests -->
    </test> <!-- Test -->
  </suite> <!-- Suite -->
</testng-results>
