<?xml version="1.0" encoding="UTF-8"?>
<!-- Generated by org.testng.reporters.JUnitReportReporter -->
<testsuite hostname="DESKTOP-K64CGSA" failures="0" tests="2" name="com.facebook.testcases.CoreRefTests" time="0.019" errors="0" timestamp="2025-11-22T14:53:38 IST" skipped="0">
  <testcase classname="com.facebook.testcases.CoreRefTests" name="AddPTMTest" time="0.015"/>
  <testcase classname="com.facebook.testcases.CoreRefTests" name="AddTowerTest" time="0.004"/>
</testsuite> <!-- com.facebook.testcases.CoreRefTests -->
