<?xml version="1.0" encoding="UTF-8"?>
<!-- Generated by org.testng.reporters.JUnitReportReporter -->
<testsuite hostname="DESKTOP-K64CGSA" failures="0" tests="2" name="com.facebook.testcases.RunTests" time="0.002" errors="0" timestamp="2025-12-23T07:49:04 IST" skipped="0">
  <testcase classname="com.facebook.testcases.RunTests" name="EditSuite" time="0.001"/>
  <testcase classname="com.facebook.testcases.RunTests" name="CreateSuiteTest" time="0.001"/>
</testsuite> <!-- com.facebook.testcases.RunTests -->
