<?xml version="1.0" encoding="UTF-8"?>
<!-- Generated by org.testng.reporters.JUnitReportReporter -->
<testsuite hostname="DESKTOP-K64CGSA" failures="0" tests="2" name="com.facebook.testcases.UniversalTests" time="0.006" errors="0" timestamp="2025-12-23T07:49:04 IST" skipped="0">
  <testcase classname="com.facebook.testcases.UniversalTests" name="EditE2EWorkflowTest" time="0.002"/>
  <testcase classname="com.facebook.testcases.UniversalTests" name="CreateE2EWorkflowTest" time="0.004"/>
</testsuite> <!-- com.facebook.testcases.UniversalTests -->
