<?xml version="1.0" encoding="UTF-8"?>
<!-- Generated by org.testng.reporters.JUnitReportReporter -->
<testsuite hostname="DESKTOP-K64CGSA" failures="0" tests="2" name="com.facebook.testcases.CoreRefTests" time="0.007" errors="0" timestamp="2025-12-23T07:48:52 IST" skipped="0">
  <testcase classname="com.facebook.testcases.CoreRefTests" name="AddPTMTest" time="0.006"/>
  <testcase classname="com.facebook.testcases.CoreRefTests" name="AddTowerTest" time="0.001"/>
</testsuite> <!-- com.facebook.testcases.CoreRefTests -->
